<?xml version="1.0" encoding="UTF-8"?>
<testsuite xmlns:xsi="http://www.w3.org/2001/XMLSchema-instance" xsi:noNamespaceSchemaLocation="https://maven.apache.org/surefire/maven-surefire-plugin/xsd/surefire-test-report.xsd" name="com.seqato.framework.AppTest" time="0.335" tests="1" errors="0" skipped="0" failures="0">
  <properties>
    <property name="sun.desktop" value="gnome"/>
    <property name="awt.toolkit" value="sun.awt.X11.XToolkit"/>
    <property name="file.encoding.pkg" value="sun.io"/>
    <property name="java.specification.version" value="1.8"/>
    <property name="sun.cpu.isalist" value=""/>
    <property name="sun.jnu.encoding" value="UTF-8"/>
    <property name="java.class.path" value="/home/seqato-dtac/sai/eclipse-workspace/parent/FrameWork/target/test-classes:/home/seqato-dtac/sai/eclipse-workspace/parent/FrameWork/target/classes:/home/seqato-dtac/.m2/repository/org/springframework/boot/spring-boot-starter/1.4.2.RELEASE/spring-boot-starter-1.4.2.RELEASE.jar:/home/seqato-dtac/.m2/repository/org/springframework/boot/spring-boot/1.4.2.RELEASE/spring-boot-1.4.2.RELEASE.jar:/home/seqato-dtac/.m2/repository/org/springframework/boot/spring-boot-autoconfigure/1.4.2.RELEASE/spring-boot-autoconfigure-1.4.2.RELEASE.jar:/home/seqato-dtac/.m2/repository/org/springframework/spring-core/4.3.4.RELEASE/spring-core-4.3.4.RELEASE.jar:/home/seqato-dtac/.m2/repository/org/yaml/snakeyaml/1.17/snakeyaml-1.17.jar:/home/seqato-dtac/.m2/repository/org/springframework/boot/spring-boot-starter-security/1.4.2.RELEASE/spring-boot-starter-security-1.4.2.RELEASE.jar:/home/seqato-dtac/.m2/repository/org/springframework/spring-aop/4.3.4.RELEASE/spring-aop-4.3.4.RELEASE.jar:/home/seqato-dtac/.m2/repository/org/springframework/security/spring-security-config/4.1.3.RELEASE/spring-security-config-4.1.3.RELEASE.jar:/home/seqato-dtac/.m2/repository/org/springframework/security/spring-security-web/4.1.3.RELEASE/spring-security-web-4.1.3.RELEASE.jar:/home/seqato-dtac/.m2/repository/org/apache/logging/log4j/log4j-api/2.5/log4j-api-2.5.jar:/home/seqato-dtac/.m2/repository/org/springframework/security/spring-security-core/4.1.3.RELEASE/spring-security-core-4.1.3.RELEASE.jar:/home/seqato-dtac/.m2/repository/aopalliance/aopalliance/1.0/aopalliance-1.0.jar:/home/seqato-dtac/.m2/repository/org/springframework/spring-beans/4.3.4.RELEASE/spring-beans-4.3.4.RELEASE.jar:/home/seqato-dtac/.m2/repository/org/springframework/spring-context/4.3.4.RELEASE/spring-context-4.3.4.RELEASE.jar:/home/seqato-dtac/.m2/repository/org/springframework/spring-expression/4.3.4.RELEASE/spring-expression-4.3.4.RELEASE.jar:/home/seqato-dtac/.m2/repository/org/apache/logging/log4j/log4j-core/2.5/log4j-core-2.5.jar:/home/seqato-dtac/.m2/repository/commons-io/commons-io/1.3.2/commons-io-1.3.2.jar:/home/seqato-dtac/.m2/repository/org/springframework/boot/spring-boot-starter-data-jpa/1.4.2.RELEASE/spring-boot-starter-data-jpa-1.4.2.RELEASE.jar:/home/seqato-dtac/.m2/repository/org/springframework/boot/spring-boot-starter-aop/1.4.2.RELEASE/spring-boot-starter-aop-1.4.2.RELEASE.jar:/home/seqato-dtac/.m2/repository/org/aspectj/aspectjweaver/1.8.9/aspectjweaver-1.8.9.jar:/home/seqato-dtac/.m2/repository/org/springframework/boot/spring-boot-starter-jdbc/1.4.2.RELEASE/spring-boot-starter-jdbc-1.4.2.RELEASE.jar:/home/seqato-dtac/.m2/repository/org/apache/tomcat/tomcat-jdbc/8.5.6/tomcat-jdbc-8.5.6.jar:/home/seqato-dtac/.m2/repository/org/apache/tomcat/tomcat-juli/8.5.6/tomcat-juli-8.5.6.jar:/home/seqato-dtac/.m2/repository/org/springframework/spring-jdbc/4.3.4.RELEASE/spring-jdbc-4.3.4.RELEASE.jar:/home/seqato-dtac/.m2/repository/org/hibernate/hibernate-core/5.0.11.Final/hibernate-core-5.0.11.Final.jar:/home/seqato-dtac/.m2/repository/org/jboss/logging/jboss-logging/3.3.0.Final/jboss-logging-3.3.0.Final.jar:/home/seqato-dtac/.m2/repository/org/hibernate/javax/persistence/hibernate-jpa-2.1-api/1.0.0.Final/hibernate-jpa-2.1-api-1.0.0.Final.jar:/home/seqato-dtac/.m2/repository/org/javassist/javassist/3.20.0-GA/javassist-3.20.0-GA.jar:/home/seqato-dtac/.m2/repository/antlr/antlr/2.7.7/antlr-2.7.7.jar:/home/seqato-dtac/.m2/repository/org/jboss/jandex/2.0.0.Final/jandex-2.0.0.Final.jar:/home/seqato-dtac/.m2/repository/dom4j/dom4j/1.6.1/dom4j-1.6.1.jar:/home/seqato-dtac/.m2/repository/xml-apis/xml-apis/1.4.01/xml-apis-1.4.01.jar:/home/seqato-dtac/.m2/repository/org/hibernate/common/hibernate-commons-annotations/5.0.1.Final/hibernate-commons-annotations-5.0.1.Final.jar:/home/seqato-dtac/.m2/repository/org/hibernate/hibernate-entitymanager/5.0.11.Final/hibernate-entitymanager-5.0.11.Final.jar:/home/seqato-dtac/.m2/repository/javax/transaction/javax.transaction-api/1.2/javax.transaction-api-1.2.jar:/home/seqato-dtac/.m2/repository/org/springframework/data/spring-data-jpa/1.10.5.RELEASE/spring-data-jpa-1.10.5.RELEASE.jar:/home/seqato-dtac/.m2/repository/org/springframework/data/spring-data-commons/1.12.5.RELEASE/spring-data-commons-1.12.5.RELEASE.jar:/home/seqato-dtac/.m2/repository/org/springframework/spring-orm/4.3.4.RELEASE/spring-orm-4.3.4.RELEASE.jar:/home/seqato-dtac/.m2/repository/org/springframework/spring-tx/4.3.4.RELEASE/spring-tx-4.3.4.RELEASE.jar:/home/seqato-dtac/.m2/repository/org/slf4j/slf4j-api/1.7.21/slf4j-api-1.7.21.jar:/home/seqato-dtac/.m2/repository/org/slf4j/jcl-over-slf4j/1.7.21/jcl-over-slf4j-1.7.21.jar:/home/seqato-dtac/.m2/repository/org/springframework/spring-aspects/4.3.4.RELEASE/spring-aspects-4.3.4.RELEASE.jar:/home/seqato-dtac/.m2/repository/org/springframework/boot/spring-boot-starter-jersey/1.4.2.RELEASE/spring-boot-starter-jersey-1.4.2.RELEASE.jar:/home/seqato-dtac/.m2/repository/org/springframework/boot/spring-boot-starter-validation/1.4.2.RELEASE/spring-boot-starter-validation-1.4.2.RELEASE.jar:/home/seqato-dtac/.m2/repository/com/fasterxml/jackson/core/jackson-databind/2.8.4/jackson-databind-2.8.4.jar:/home/seqato-dtac/.m2/repository/com/fasterxml/jackson/core/jackson-core/2.8.4/jackson-core-2.8.4.jar:/home/seqato-dtac/.m2/repository/org/springframework/spring-web/4.3.4.RELEASE/spring-web-4.3.4.RELEASE.jar:/home/seqato-dtac/.m2/repository/org/glassfish/jersey/core/jersey-server/2.23.2/jersey-server-2.23.2.jar:/home/seqato-dtac/.m2/repository/org/glassfish/jersey/core/jersey-common/2.23.2/jersey-common-2.23.2.jar:/home/seqato-dtac/.m2/repository/org/glassfish/jersey/bundles/repackaged/jersey-guava/2.23.2/jersey-guava-2.23.2.jar:/home/seqato-dtac/.m2/repository/org/glassfish/hk2/osgi-resource-locator/1.0.1/osgi-resource-locator-1.0.1.jar:/home/seqato-dtac/.m2/repository/org/glassfish/jersey/core/jersey-client/2.23.2/jersey-client-2.23.2.jar:/home/seqato-dtac/.m2/repository/javax/ws/rs/javax.ws.rs-api/2.0.1/javax.ws.rs-api-2.0.1.jar:/home/seqato-dtac/.m2/repository/org/glassfish/jersey/media/jersey-media-jaxb/2.23.2/jersey-media-jaxb-2.23.2.jar:/home/seqato-dtac/.m2/repository/javax/annotation/javax.annotation-api/1.2/javax.annotation-api-1.2.jar:/home/seqato-dtac/.m2/repository/org/glassfish/hk2/hk2-api/2.5.0-b05/hk2-api-2.5.0-b05.jar:/home/seqato-dtac/.m2/repository/org/glassfish/hk2/hk2-utils/2.5.0-b05/hk2-utils-2.5.0-b05.jar:/home/seqato-dtac/.m2/repository/org/glassfish/hk2/external/aopalliance-repackaged/2.5.0-b05/aopalliance-repackaged-2.5.0-b05.jar:/home/seqato-dtac/.m2/repository/org/glassfish/hk2/external/javax.inject/2.5.0-b05/javax.inject-2.5.0-b05.jar:/home/seqato-dtac/.m2/repository/org/glassfish/hk2/hk2-locator/2.5.0-b05/hk2-locator-2.5.0-b05.jar:/home/seqato-dtac/.m2/repository/javax/validation/validation-api/1.1.0.Final/validation-api-1.1.0.Final.jar:/home/seqato-dtac/.m2/repository/org/glassfish/jersey/containers/jersey-container-servlet-core/2.23.2/jersey-container-servlet-core-2.23.2.jar:/home/seqato-dtac/.m2/repository/org/glassfish/jersey/containers/jersey-container-servlet/2.23.2/jersey-container-servlet-2.23.2.jar:/home/seqato-dtac/.m2/repository/org/glassfish/jersey/ext/jersey-bean-validation/2.23.2/jersey-bean-validation-2.23.2.jar:/home/seqato-dtac/.m2/repository/org/glassfish/jersey/ext/jersey-spring3/2.23.2/jersey-spring3-2.23.2.jar:/home/seqato-dtac/.m2/repository/org/glassfish/hk2/hk2/2.5.0-b05/hk2-2.5.0-b05.jar:/home/seqato-dtac/.m2/repository/org/glassfish/hk2/config-types/2.5.0-b05/config-types-2.5.0-b05.jar:/home/seqato-dtac/.m2/repository/org/glassfish/hk2/hk2-core/2.5.0-b05/hk2-core-2.5.0-b05.jar:/home/seqato-dtac/.m2/repository/org/glassfish/hk2/hk2-config/2.5.0-b05/hk2-config-2.5.0-b05.jar:/home/seqato-dtac/.m2/repository/org/glassfish/hk2/hk2-runlevel/2.5.0-b05/hk2-runlevel-2.5.0-b05.jar:/home/seqato-dtac/.m2/repository/org/glassfish/hk2/class-model/2.5.0-b05/class-model-2.5.0-b05.jar:/home/seqato-dtac/.m2/repository/org/glassfish/hk2/external/asm-all-repackaged/2.5.0-b05/asm-all-repackaged-2.5.0-b05.jar:/home/seqato-dtac/.m2/repository/org/glassfish/hk2/spring-bridge/2.5.0-b05/spring-bridge-2.5.0-b05.jar:/home/seqato-dtac/.m2/repository/org/glassfish/jersey/media/jersey-media-json-jackson/2.23.2/jersey-media-json-jackson-2.23.2.jar:/home/seqato-dtac/.m2/repository/org/glassfish/jersey/ext/jersey-entity-filtering/2.23.2/jersey-entity-filtering-2.23.2.jar:/home/seqato-dtac/.m2/repository/com/fasterxml/jackson/jaxrs/jackson-jaxrs-base/2.8.4/jackson-jaxrs-base-2.8.4.jar:/home/seqato-dtac/.m2/repository/com/fasterxml/jackson/jaxrs/jackson-jaxrs-json-provider/2.8.4/jackson-jaxrs-json-provider-2.8.4.jar:/home/seqato-dtac/.m2/repository/com/fasterxml/jackson/module/jackson-module-jaxb-annotations/2.8.4/jackson-module-jaxb-annotations-2.8.4.jar:/home/seqato-dtac/.m2/repository/org/springframework/boot/spring-boot-starter-web/1.4.2.RELEASE/spring-boot-starter-web-1.4.2.RELEASE.jar:/home/seqato-dtac/.m2/repository/org/hibernate/hibernate-validator/5.2.4.Final/hibernate-validator-5.2.4.Final.jar:/home/seqato-dtac/.m2/repository/com/fasterxml/classmate/1.3.3/classmate-1.3.3.jar:/home/seqato-dtac/.m2/repository/org/springframework/spring-webmvc/4.3.4.RELEASE/spring-webmvc-4.3.4.RELEASE.jar:/home/seqato-dtac/.m2/repository/org/springframework/boot/spring-boot-starter-data-rest/1.4.2.RELEASE/spring-boot-starter-data-rest-1.4.2.RELEASE.jar:/home/seqato-dtac/.m2/repository/com/fasterxml/jackson/core/jackson-annotations/2.8.4/jackson-annotations-2.8.4.jar:/home/seqato-dtac/.m2/repository/org/springframework/data/spring-data-rest-webmvc/2.5.5.RELEASE/spring-data-rest-webmvc-2.5.5.RELEASE.jar:/home/seqato-dtac/.m2/repository/org/springframework/data/spring-data-rest-core/2.5.5.RELEASE/spring-data-rest-core-2.5.5.RELEASE.jar:/home/seqato-dtac/.m2/repository/org/springframework/hateoas/spring-hateoas/0.20.0.RELEASE/spring-hateoas-0.20.0.RELEASE.jar:/home/seqato-dtac/.m2/repository/org/springframework/plugin/spring-plugin-core/1.2.0.RELEASE/spring-plugin-core-1.2.0.RELEASE.jar:/home/seqato-dtac/.m2/repository/org/atteo/evo-inflector/1.2.1/evo-inflector-1.2.1.jar:/home/seqato-dtac/.m2/repository/org/springframework/boot/spring-boot-starter-tomcat/1.4.2.RELEASE/spring-boot-starter-tomcat-1.4.2.RELEASE.jar:/home/seqato-dtac/.m2/repository/org/apache/tomcat/embed/tomcat-embed-core/8.5.6/tomcat-embed-core-8.5.6.jar:/home/seqato-dtac/.m2/repository/org/apache/tomcat/embed/tomcat-embed-el/8.5.6/tomcat-embed-el-8.5.6.jar:/home/seqato-dtac/.m2/repository/org/apache/tomcat/embed/tomcat-embed-websocket/8.5.6/tomcat-embed-websocket-8.5.6.jar:/home/seqato-dtac/.m2/repository/org/springframework/boot/spring-boot-starter-test/1.4.2.RELEASE/spring-boot-starter-test-1.4.2.RELEASE.jar:/home/seqato-dtac/.m2/repository/org/springframework/boot/spring-boot-test/1.4.2.RELEASE/spring-boot-test-1.4.2.RELEASE.jar:/home/seqato-dtac/.m2/repository/org/springframework/boot/spring-boot-test-autoconfigure/1.4.2.RELEASE/spring-boot-test-autoconfigure-1.4.2.RELEASE.jar:/home/seqato-dtac/.m2/repository/com/jayway/jsonpath/json-path/2.2.0/json-path-2.2.0.jar:/home/seqato-dtac/.m2/repository/net/minidev/json-smart/2.2.1/json-smart-2.2.1.jar:/home/seqato-dtac/.m2/repository/net/minidev/accessors-smart/1.1/accessors-smart-1.1.jar:/home/seqato-dtac/.m2/repository/org/ow2/asm/asm/5.0.3/asm-5.0.3.jar:/home/seqato-dtac/.m2/repository/junit/junit/4.12/junit-4.12.jar:/home/seqato-dtac/.m2/repository/org/assertj/assertj-core/2.5.0/assertj-core-2.5.0.jar:/home/seqato-dtac/.m2/repository/org/mockito/mockito-core/1.10.19/mockito-core-1.10.19.jar:/home/seqato-dtac/.m2/repository/org/objenesis/objenesis/2.1/objenesis-2.1.jar:/home/seqato-dtac/.m2/repository/org/hamcrest/hamcrest-core/1.3/hamcrest-core-1.3.jar:/home/seqato-dtac/.m2/repository/org/hamcrest/hamcrest-library/1.3/hamcrest-library-1.3.jar:/home/seqato-dtac/.m2/repository/org/skyscreamer/jsonassert/1.3.0/jsonassert-1.3.0.jar:/home/seqato-dtac/.m2/repository/org/json/json/20140107/json-20140107.jar:/home/seqato-dtac/.m2/repository/org/springframework/spring-test/4.3.4.RELEASE/spring-test-4.3.4.RELEASE.jar:/home/seqato-dtac/.m2/repository/mysql/mysql-connector-java/5.1.40/mysql-connector-java-5.1.40.jar:/home/seqato-dtac/.m2/repository/org/modelmapper/modelmapper/0.7.5/modelmapper-0.7.5.jar:/home/seqato-dtac/.m2/repository/org/springframework/boot/spring-boot-starter-actuator/1.4.2.RELEASE/spring-boot-starter-actuator-1.4.2.RELEASE.jar:/home/seqato-dtac/.m2/repository/org/springframework/boot/spring-boot-actuator/1.4.2.RELEASE/spring-boot-actuator-1.4.2.RELEASE.jar:"/>
    <property name="java.vm.vendor" value="Oracle Corporation"/>
    <property name="sun.arch.data.model" value="64"/>
    <property name="java.vendor.url" value="http://java.oracle.com/"/>
    <property name="user.timezone" value=""/>
    <property name="java.vm.specification.version" value="1.8"/>
    <property name="os.name" value="Linux"/>
    <property name="user.country" value="IN"/>
    <property name="sun.java.launcher" value="SUN_STANDARD"/>
    <property name="sun.boot.library.path" value="/home/seqato-dtac/Downloads/JDK/jdk1.8.0_181/jre/lib/amd64"/>
    <property name="sun.java.command" value="/home/seqato-dtac/sai/eclipse-workspace/parent/FrameWork/target/surefire/surefirebooter6997086076916135169.jar /home/seqato-dtac/sai/eclipse-workspace/parent/FrameWork/target/surefire 2018-11-22T11-32-25_929-jvmRun1 surefire4064839290971890527tmp surefire_04322633532051901508tmp"/>
    <property name="surefire.test.class.path" value="/home/seqato-dtac/sai/eclipse-workspace/parent/FrameWork/target/test-classes:/home/seqato-dtac/sai/eclipse-workspace/parent/FrameWork/target/classes:/home/seqato-dtac/.m2/repository/org/springframework/boot/spring-boot-starter/1.4.2.RELEASE/spring-boot-starter-1.4.2.RELEASE.jar:/home/seqato-dtac/.m2/repository/org/springframework/boot/spring-boot/1.4.2.RELEASE/spring-boot-1.4.2.RELEASE.jar:/home/seqato-dtac/.m2/repository/org/springframework/boot/spring-boot-autoconfigure/1.4.2.RELEASE/spring-boot-autoconfigure-1.4.2.RELEASE.jar:/home/seqato-dtac/.m2/repository/org/springframework/spring-core/4.3.4.RELEASE/spring-core-4.3.4.RELEASE.jar:/home/seqato-dtac/.m2/repository/org/yaml/snakeyaml/1.17/snakeyaml-1.17.jar:/home/seqato-dtac/.m2/repository/org/springframework/boot/spring-boot-starter-security/1.4.2.RELEASE/spring-boot-starter-security-1.4.2.RELEASE.jar:/home/seqato-dtac/.m2/repository/org/springframework/spring-aop/4.3.4.RELEASE/spring-aop-4.3.4.RELEASE.jar:/home/seqato-dtac/.m2/repository/org/springframework/security/spring-security-config/4.1.3.RELEASE/spring-security-config-4.1.3.RELEASE.jar:/home/seqato-dtac/.m2/repository/org/springframework/security/spring-security-web/4.1.3.RELEASE/spring-security-web-4.1.3.RELEASE.jar:/home/seqato-dtac/.m2/repository/org/apache/logging/log4j/log4j-api/2.5/log4j-api-2.5.jar:/home/seqato-dtac/.m2/repository/org/springframework/security/spring-security-core/4.1.3.RELEASE/spring-security-core-4.1.3.RELEASE.jar:/home/seqato-dtac/.m2/repository/aopalliance/aopalliance/1.0/aopalliance-1.0.jar:/home/seqato-dtac/.m2/repository/org/springframework/spring-beans/4.3.4.RELEASE/spring-beans-4.3.4.RELEASE.jar:/home/seqato-dtac/.m2/repository/org/springframework/spring-context/4.3.4.RELEASE/spring-context-4.3.4.RELEASE.jar:/home/seqato-dtac/.m2/repository/org/springframework/spring-expression/4.3.4.RELEASE/spring-expression-4.3.4.RELEASE.jar:/home/seqato-dtac/.m2/repository/org/apache/logging/log4j/log4j-core/2.5/log4j-core-2.5.jar:/home/seqato-dtac/.m2/repository/commons-io/commons-io/1.3.2/commons-io-1.3.2.jar:/home/seqato-dtac/.m2/repository/org/springframework/boot/spring-boot-starter-data-jpa/1.4.2.RELEASE/spring-boot-starter-data-jpa-1.4.2.RELEASE.jar:/home/seqato-dtac/.m2/repository/org/springframework/boot/spring-boot-starter-aop/1.4.2.RELEASE/spring-boot-starter-aop-1.4.2.RELEASE.jar:/home/seqato-dtac/.m2/repository/org/aspectj/aspectjweaver/1.8.9/aspectjweaver-1.8.9.jar:/home/seqato-dtac/.m2/repository/org/springframework/boot/spring-boot-starter-jdbc/1.4.2.RELEASE/spring-boot-starter-jdbc-1.4.2.RELEASE.jar:/home/seqato-dtac/.m2/repository/org/apache/tomcat/tomcat-jdbc/8.5.6/tomcat-jdbc-8.5.6.jar:/home/seqato-dtac/.m2/repository/org/apache/tomcat/tomcat-juli/8.5.6/tomcat-juli-8.5.6.jar:/home/seqato-dtac/.m2/repository/org/springframework/spring-jdbc/4.3.4.RELEASE/spring-jdbc-4.3.4.RELEASE.jar:/home/seqato-dtac/.m2/repository/org/hibernate/hibernate-core/5.0.11.Final/hibernate-core-5.0.11.Final.jar:/home/seqato-dtac/.m2/repository/org/jboss/logging/jboss-logging/3.3.0.Final/jboss-logging-3.3.0.Final.jar:/home/seqato-dtac/.m2/repository/org/hibernate/javax/persistence/hibernate-jpa-2.1-api/1.0.0.Final/hibernate-jpa-2.1-api-1.0.0.Final.jar:/home/seqato-dtac/.m2/repository/org/javassist/javassist/3.20.0-GA/javassist-3.20.0-GA.jar:/home/seqato-dtac/.m2/repository/antlr/antlr/2.7.7/antlr-2.7.7.jar:/home/seqato-dtac/.m2/repository/org/jboss/jandex/2.0.0.Final/jandex-2.0.0.Final.jar:/home/seqato-dtac/.m2/repository/dom4j/dom4j/1.6.1/dom4j-1.6.1.jar:/home/seqato-dtac/.m2/repository/xml-apis/xml-apis/1.4.01/xml-apis-1.4.01.jar:/home/seqato-dtac/.m2/repository/org/hibernate/common/hibernate-commons-annotations/5.0.1.Final/hibernate-commons-annotations-5.0.1.Final.jar:/home/seqato-dtac/.m2/repository/org/hibernate/hibernate-entitymanager/5.0.11.Final/hibernate-entitymanager-5.0.11.Final.jar:/home/seqato-dtac/.m2/repository/javax/transaction/javax.transaction-api/1.2/javax.transaction-api-1.2.jar:/home/seqato-dtac/.m2/repository/org/springframework/data/spring-data-jpa/1.10.5.RELEASE/spring-data-jpa-1.10.5.RELEASE.jar:/home/seqato-dtac/.m2/repository/org/springframework/data/spring-data-commons/1.12.5.RELEASE/spring-data-commons-1.12.5.RELEASE.jar:/home/seqato-dtac/.m2/repository/org/springframework/spring-orm/4.3.4.RELEASE/spring-orm-4.3.4.RELEASE.jar:/home/seqato-dtac/.m2/repository/org/springframework/spring-tx/4.3.4.RELEASE/spring-tx-4.3.4.RELEASE.jar:/home/seqato-dtac/.m2/repository/org/slf4j/slf4j-api/1.7.21/slf4j-api-1.7.21.jar:/home/seqato-dtac/.m2/repository/org/slf4j/jcl-over-slf4j/1.7.21/jcl-over-slf4j-1.7.21.jar:/home/seqato-dtac/.m2/repository/org/springframework/spring-aspects/4.3.4.RELEASE/spring-aspects-4.3.4.RELEASE.jar:/home/seqato-dtac/.m2/repository/org/springframework/boot/spring-boot-starter-jersey/1.4.2.RELEASE/spring-boot-starter-jersey-1.4.2.RELEASE.jar:/home/seqato-dtac/.m2/repository/org/springframework/boot/spring-boot-starter-validation/1.4.2.RELEASE/spring-boot-starter-validation-1.4.2.RELEASE.jar:/home/seqato-dtac/.m2/repository/com/fasterxml/jackson/core/jackson-databind/2.8.4/jackson-databind-2.8.4.jar:/home/seqato-dtac/.m2/repository/com/fasterxml/jackson/core/jackson-core/2.8.4/jackson-core-2.8.4.jar:/home/seqato-dtac/.m2/repository/org/springframework/spring-web/4.3.4.RELEASE/spring-web-4.3.4.RELEASE.jar:/home/seqato-dtac/.m2/repository/org/glassfish/jersey/core/jersey-server/2.23.2/jersey-server-2.23.2.jar:/home/seqato-dtac/.m2/repository/org/glassfish/jersey/core/jersey-common/2.23.2/jersey-common-2.23.2.jar:/home/seqato-dtac/.m2/repository/org/glassfish/jersey/bundles/repackaged/jersey-guava/2.23.2/jersey-guava-2.23.2.jar:/home/seqato-dtac/.m2/repository/org/glassfish/hk2/osgi-resource-locator/1.0.1/osgi-resource-locator-1.0.1.jar:/home/seqato-dtac/.m2/repository/org/glassfish/jersey/core/jersey-client/2.23.2/jersey-client-2.23.2.jar:/home/seqato-dtac/.m2/repository/javax/ws/rs/javax.ws.rs-api/2.0.1/javax.ws.rs-api-2.0.1.jar:/home/seqato-dtac/.m2/repository/org/glassfish/jersey/media/jersey-media-jaxb/2.23.2/jersey-media-jaxb-2.23.2.jar:/home/seqato-dtac/.m2/repository/javax/annotation/javax.annotation-api/1.2/javax.annotation-api-1.2.jar:/home/seqato-dtac/.m2/repository/org/glassfish/hk2/hk2-api/2.5.0-b05/hk2-api-2.5.0-b05.jar:/home/seqato-dtac/.m2/repository/org/glassfish/hk2/hk2-utils/2.5.0-b05/hk2-utils-2.5.0-b05.jar:/home/seqato-dtac/.m2/repository/org/glassfish/hk2/external/aopalliance-repackaged/2.5.0-b05/aopalliance-repackaged-2.5.0-b05.jar:/home/seqato-dtac/.m2/repository/org/glassfish/hk2/external/javax.inject/2.5.0-b05/javax.inject-2.5.0-b05.jar:/home/seqato-dtac/.m2/repository/org/glassfish/hk2/hk2-locator/2.5.0-b05/hk2-locator-2.5.0-b05.jar:/home/seqato-dtac/.m2/repository/javax/validation/validation-api/1.1.0.Final/validation-api-1.1.0.Final.jar:/home/seqato-dtac/.m2/repository/org/glassfish/jersey/containers/jersey-container-servlet-core/2.23.2/jersey-container-servlet-core-2.23.2.jar:/home/seqato-dtac/.m2/repository/org/glassfish/jersey/containers/jersey-container-servlet/2.23.2/jersey-container-servlet-2.23.2.jar:/home/seqato-dtac/.m2/repository/org/glassfish/jersey/ext/jersey-bean-validation/2.23.2/jersey-bean-validation-2.23.2.jar:/home/seqato-dtac/.m2/repository/org/glassfish/jersey/ext/jersey-spring3/2.23.2/jersey-spring3-2.23.2.jar:/home/seqato-dtac/.m2/repository/org/glassfish/hk2/hk2/2.5.0-b05/hk2-2.5.0-b05.jar:/home/seqato-dtac/.m2/repository/org/glassfish/hk2/config-types/2.5.0-b05/config-types-2.5.0-b05.jar:/home/seqato-dtac/.m2/repository/org/glassfish/hk2/hk2-core/2.5.0-b05/hk2-core-2.5.0-b05.jar:/home/seqato-dtac/.m2/repository/org/glassfish/hk2/hk2-config/2.5.0-b05/hk2-config-2.5.0-b05.jar:/home/seqato-dtac/.m2/repository/org/glassfish/hk2/hk2-runlevel/2.5.0-b05/hk2-runlevel-2.5.0-b05.jar:/home/seqato-dtac/.m2/repository/org/glassfish/hk2/class-model/2.5.0-b05/class-model-2.5.0-b05.jar:/home/seqato-dtac/.m2/repository/org/glassfish/hk2/external/asm-all-repackaged/2.5.0-b05/asm-all-repackaged-2.5.0-b05.jar:/home/seqato-dtac/.m2/repository/org/glassfish/hk2/spring-bridge/2.5.0-b05/spring-bridge-2.5.0-b05.jar:/home/seqato-dtac/.m2/repository/org/glassfish/jersey/media/jersey-media-json-jackson/2.23.2/jersey-media-json-jackson-2.23.2.jar:/home/seqato-dtac/.m2/repository/org/glassfish/jersey/ext/jersey-entity-filtering/2.23.2/jersey-entity-filtering-2.23.2.jar:/home/seqato-dtac/.m2/repository/com/fasterxml/jackson/jaxrs/jackson-jaxrs-base/2.8.4/jackson-jaxrs-base-2.8.4.jar:/home/seqato-dtac/.m2/repository/com/fasterxml/jackson/jaxrs/jackson-jaxrs-json-provider/2.8.4/jackson-jaxrs-json-provider-2.8.4.jar:/home/seqato-dtac/.m2/repository/com/fasterxml/jackson/module/jackson-module-jaxb-annotations/2.8.4/jackson-module-jaxb-annotations-2.8.4.jar:/home/seqato-dtac/.m2/repository/org/springframework/boot/spring-boot-starter-web/1.4.2.RELEASE/spring-boot-starter-web-1.4.2.RELEASE.jar:/home/seqato-dtac/.m2/repository/org/hibernate/hibernate-validator/5.2.4.Final/hibernate-validator-5.2.4.Final.jar:/home/seqato-dtac/.m2/repository/com/fasterxml/classmate/1.3.3/classmate-1.3.3.jar:/home/seqato-dtac/.m2/repository/org/springframework/spring-webmvc/4.3.4.RELEASE/spring-webmvc-4.3.4.RELEASE.jar:/home/seqato-dtac/.m2/repository/org/springframework/boot/spring-boot-starter-data-rest/1.4.2.RELEASE/spring-boot-starter-data-rest-1.4.2.RELEASE.jar:/home/seqato-dtac/.m2/repository/com/fasterxml/jackson/core/jackson-annotations/2.8.4/jackson-annotations-2.8.4.jar:/home/seqato-dtac/.m2/repository/org/springframework/data/spring-data-rest-webmvc/2.5.5.RELEASE/spring-data-rest-webmvc-2.5.5.RELEASE.jar:/home/seqato-dtac/.m2/repository/org/springframework/data/spring-data-rest-core/2.5.5.RELEASE/spring-data-rest-core-2.5.5.RELEASE.jar:/home/seqato-dtac/.m2/repository/org/springframework/hateoas/spring-hateoas/0.20.0.RELEASE/spring-hateoas-0.20.0.RELEASE.jar:/home/seqato-dtac/.m2/repository/org/springframework/plugin/spring-plugin-core/1.2.0.RELEASE/spring-plugin-core-1.2.0.RELEASE.jar:/home/seqato-dtac/.m2/repository/org/atteo/evo-inflector/1.2.1/evo-inflector-1.2.1.jar:/home/seqato-dtac/.m2/repository/org/springframework/boot/spring-boot-starter-tomcat/1.4.2.RELEASE/spring-boot-starter-tomcat-1.4.2.RELEASE.jar:/home/seqato-dtac/.m2/repository/org/apache/tomcat/embed/tomcat-embed-core/8.5.6/tomcat-embed-core-8.5.6.jar:/home/seqato-dtac/.m2/repository/org/apache/tomcat/embed/tomcat-embed-el/8.5.6/tomcat-embed-el-8.5.6.jar:/home/seqato-dtac/.m2/repository/org/apache/tomcat/embed/tomcat-embed-websocket/8.5.6/tomcat-embed-websocket-8.5.6.jar:/home/seqato-dtac/.m2/repository/org/springframework/boot/spring-boot-starter-test/1.4.2.RELEASE/spring-boot-starter-test-1.4.2.RELEASE.jar:/home/seqato-dtac/.m2/repository/org/springframework/boot/spring-boot-test/1.4.2.RELEASE/spring-boot-test-1.4.2.RELEASE.jar:/home/seqato-dtac/.m2/repository/org/springframework/boot/spring-boot-test-autoconfigure/1.4.2.RELEASE/spring-boot-test-autoconfigure-1.4.2.RELEASE.jar:/home/seqato-dtac/.m2/repository/com/jayway/jsonpath/json-path/2.2.0/json-path-2.2.0.jar:/home/seqato-dtac/.m2/repository/net/minidev/json-smart/2.2.1/json-smart-2.2.1.jar:/home/seqato-dtac/.m2/repository/net/minidev/accessors-smart/1.1/accessors-smart-1.1.jar:/home/seqato-dtac/.m2/repository/org/ow2/asm/asm/5.0.3/asm-5.0.3.jar:/home/seqato-dtac/.m2/repository/junit/junit/4.12/junit-4.12.jar:/home/seqato-dtac/.m2/repository/org/assertj/assertj-core/2.5.0/assertj-core-2.5.0.jar:/home/seqato-dtac/.m2/repository/org/mockito/mockito-core/1.10.19/mockito-core-1.10.19.jar:/home/seqato-dtac/.m2/repository/org/objenesis/objenesis/2.1/objenesis-2.1.jar:/home/seqato-dtac/.m2/repository/org/hamcrest/hamcrest-core/1.3/hamcrest-core-1.3.jar:/home/seqato-dtac/.m2/repository/org/hamcrest/hamcrest-library/1.3/hamcrest-library-1.3.jar:/home/seqato-dtac/.m2/repository/org/skyscreamer/jsonassert/1.3.0/jsonassert-1.3.0.jar:/home/seqato-dtac/.m2/repository/org/json/json/20140107/json-20140107.jar:/home/seqato-dtac/.m2/repository/org/springframework/spring-test/4.3.4.RELEASE/spring-test-4.3.4.RELEASE.jar:/home/seqato-dtac/.m2/repository/mysql/mysql-connector-java/5.1.40/mysql-connector-java-5.1.40.jar:/home/seqato-dtac/.m2/repository/org/modelmapper/modelmapper/0.7.5/modelmapper-0.7.5.jar:/home/seqato-dtac/.m2/repository/org/springframework/boot/spring-boot-starter-actuator/1.4.2.RELEASE/spring-boot-starter-actuator-1.4.2.RELEASE.jar:/home/seqato-dtac/.m2/repository/org/springframework/boot/spring-boot-actuator/1.4.2.RELEASE/spring-boot-actuator-1.4.2.RELEASE.jar:"/>
    <property name="sun.cpu.endian" value="little"/>
    <property name="user.home" value="/home/seqato-dtac"/>
    <property name="user.language" value="en"/>
    <property name="java.specification.vendor" value="Oracle Corporation"/>
    <property name="java.home" value="/home/seqato-dtac/Downloads/JDK/jdk1.8.0_181/jre"/>
    <property name="basedir" value="/home/seqato-dtac/sai/eclipse-workspace/parent/FrameWork"/>
    <property name="file.separator" value="/"/>
    <property name="line.separator" value="&#10;"/>
    <property name="java.vm.specification.vendor" value="Oracle Corporation"/>
    <property name="java.specification.name" value="Java Platform API Specification"/>
    <property name="java.awt.graphicsenv" value="sun.awt.X11GraphicsEnvironment"/>
    <property name="surefire.real.class.path" value="/home/seqato-dtac/sai/eclipse-workspace/parent/FrameWork/target/surefire/surefirebooter6997086076916135169.jar"/>
    <property name="sun.boot.class.path" value="/home/seqato-dtac/Downloads/JDK/jdk1.8.0_181/jre/lib/resources.jar:/home/seqato-dtac/Downloads/JDK/jdk1.8.0_181/jre/lib/rt.jar:/home/seqato-dtac/Downloads/JDK/jdk1.8.0_181/jre/lib/sunrsasign.jar:/home/seqato-dtac/Downloads/JDK/jdk1.8.0_181/jre/lib/jsse.jar:/home/seqato-dtac/Downloads/JDK/jdk1.8.0_181/jre/lib/jce.jar:/home/seqato-dtac/Downloads/JDK/jdk1.8.0_181/jre/lib/charsets.jar:/home/seqato-dtac/Downloads/JDK/jdk1.8.0_181/jre/lib/jfr.jar:/home/seqato-dtac/Downloads/JDK/jdk1.8.0_181/jre/classes"/>
    <property name="sun.management.compiler" value="HotSpot 64-Bit Tiered Compilers"/>
    <property name="java.runtime.version" value="1.8.0_181-b13"/>
    <property name="user.name" value="seqato-dtac"/>
    <property name="path.separator" value=":"/>
    <property name="os.version" value="4.15.0-36-generic"/>
    <property name="java.endorsed.dirs" value="/home/seqato-dtac/Downloads/JDK/jdk1.8.0_181/jre/lib/endorsed"/>
    <property name="java.runtime.name" value="Java(TM) SE Runtime Environment"/>
    <property name="file.encoding" value="UTF-8"/>
    <property name="java.vm.name" value="Java HotSpot(TM) 64-Bit Server VM"/>
    <property name="localRepository" value="/home/seqato-dtac/.m2/repository"/>
    <property name="java.vendor.url.bug" value="http://bugreport.sun.com/bugreport/"/>
    <property name="java.io.tmpdir" value="/tmp"/>
    <property name="java.version" value="1.8.0_181"/>
    <property name="user.dir" value="/home/seqato-dtac/sai/eclipse-workspace/parent/FrameWork"/>
    <property name="os.arch" value="amd64"/>
    <property name="java.vm.specification.name" value="Java Virtual Machine Specification"/>
    <property name="java.awt.printerjob" value="sun.print.PSPrinterJob"/>
    <property name="sun.os.patch.level" value="unknown"/>
    <property name="java.library.path" value="/usr/java/packages/lib/amd64:/usr/lib64:/lib64:/lib:/usr/lib"/>
    <property name="java.vm.info" value="mixed mode"/>
    <property name="java.vendor" value="Oracle Corporation"/>
    <property name="java.vm.version" value="25.181-b13"/>
    <property name="java.ext.dirs" value="/home/seqato-dtac/Downloads/JDK/jdk1.8.0_181/jre/lib/ext:/usr/java/packages/lib/ext"/>
    <property name="sun.io.unicode.encoding" value="UnicodeLittle"/>
    <property name="java.class.version" value="52.0"/>
  </properties>
  <testcase name="shouldAnswerWithTrue" classname="com.seqato.framework.AppTest" time="0.002"/>
</testsuite>